The system is: Linux - 5.11.0-27-generic - x86_64
Compiling the C compiler identification source file "CMakeCCompilerId.c" succeeded.
Compiler: /usr/bin/cc 
Build flags: ;-ffunction-sections;-fdata-sections;-fPIC;-m64
Id flags:  

The output was:
0


Compilation of the C compiler identification source "CMakeCCompilerId.c" produced "a.out"

The C compiler identification is GNU, found in "/home/alberto/Projects/07_GSaaS_Rust/03_TM_Decoder/target/debug/build/nng-sys-43ddbed0e36856bc/out/build/CMakeFiles/3.16.3/CompilerIdC/a.out"

Determining if the C compiler works passed with the following output:
Change Dir: /home/alberto/Projects/07_GSaaS_Rust/03_TM_Decoder/target/debug/build/nng-sys-43ddbed0e36856bc/out/build/CMakeFiles/CMakeTmp

Run Build Command(s):/usr/bin/make cmTC_291a5/fast && /usr/bin/make -f CMakeFiles/cmTC_291a5.dir/build.make CMakeFiles/cmTC_291a5.dir/build
make[1]: Entering directory '/home/alberto/Projects/07_GSaaS_Rust/03_TM_Decoder/target/debug/build/nng-sys-43ddbed0e36856bc/out/build/CMakeFiles/CMakeTmp'
Building C object CMakeFiles/cmTC_291a5.dir/testCCompiler.c.o
/usr/bin/cc   -ffunction-sections -fdata-sections -fPIC -m64    -o CMakeFiles/cmTC_291a5.dir/testCCompiler.c.o   -c /home/alberto/Projects/07_GSaaS_Rust/03_TM_Decoder/target/debug/build/nng-sys-43ddbed0e36856bc/out/build/CMakeFiles/CMakeTmp/testCCompiler.c
Linking C executable cmTC_291a5
/usr/bin/cmake -E cmake_link_script CMakeFiles/cmTC_291a5.dir/link.txt --verbose=1
/usr/bin/cc  -ffunction-sections -fdata-sections -fPIC -m64     -rdynamic CMakeFiles/cmTC_291a5.dir/testCCompiler.c.o  -o cmTC_291a5 
make[1]: Leaving directory '/home/alberto/Projects/07_GSaaS_Rust/03_TM_Decoder/target/debug/build/nng-sys-43ddbed0e36856bc/out/build/CMakeFiles/CMakeTmp'



Detecting C compiler ABI info compiled with the following output:
Change Dir: /home/alberto/Projects/07_GSaaS_Rust/03_TM_Decoder/target/debug/build/nng-sys-43ddbed0e36856bc/out/build/CMakeFiles/CMakeTmp

Run Build Command(s):/usr/bin/make cmTC_e240a/fast && /usr/bin/make -f CMakeFiles/cmTC_e240a.dir/build.make CMakeFiles/cmTC_e240a.dir/build
make[1]: Entering directory '/home/alberto/Projects/07_GSaaS_Rust/03_TM_Decoder/target/debug/build/nng-sys-43ddbed0e36856bc/out/build/CMakeFiles/CMakeTmp'
Building C object CMakeFiles/cmTC_e240a.dir/CMakeCCompilerABI.c.o
/usr/bin/cc   -ffunction-sections -fdata-sections -fPIC -m64    -v -o CMakeFiles/cmTC_e240a.dir/CMakeCCompilerABI.c.o   -c /usr/share/cmake-3.16/Modules/CMakeCCompilerABI.c
Using built-in specs.
COLLECT_GCC=/usr/bin/cc
OFFLOAD_TARGET_NAMES=nvptx-none:hsa
OFFLOAD_TARGET_DEFAULT=1
Target: x86_64-linux-gnu
Configured with: ../src/configure -v --with-pkgversion='Ubuntu 9.3.0-17ubuntu1~20.04' --with-bugurl=file:///usr/share/doc/gcc-9/README.Bugs --enable-languages=c,ada,c++,go,brig,d,fortran,objc,obj-c++,gm2 --prefix=/usr --with-gcc-major-version-only --program-suffix=-9 --program-prefix=x86_64-linux-gnu- --enable-shared --enable-linker-build-id --libexecdir=/usr/lib --without-included-gettext --enable-threads=posix --libdir=/usr/lib --enable-nls --enable-clocale=gnu --enable-libstdcxx-debug --enable-libstdcxx-time=yes --with-default-libstdcxx-abi=new --enable-gnu-unique-object --disable-vtable-verify --enable-plugin --enable-default-pie --with-system-zlib --with-target-system-zlib=auto --enable-objc-gc=auto --enable-multiarch --disable-werror --with-arch-32=i686 --with-abi=m64 --with-multilib-list=m32,m64,mx32 --enable-multilib --with-tune=generic --enable-offload-targets=nvptx-none=/build/gcc-9-HskZEa/gcc-9-9.3.0/debian/tmp-nvptx/usr,hsa --without-cuda-driver --enable-checking=release --build=x86_64-linux-gnu --host=x86_64-linux-gnu --target=x86_64-linux-gnu
Thread model: posix
gcc version 9.3.0 (Ubuntu 9.3.0-17ubuntu1~20.04) 
COLLECT_GCC_OPTIONS='-ffunction-sections' '-fdata-sections' '-fPIC' '-m64' '-v' '-o' 'CMakeFiles/cmTC_e240a.dir/CMakeCCompilerABI.c.o' '-c' '-mtune=generic' '-march=x86-64'
 /usr/lib/gcc/x86_64-linux-gnu/9/cc1 -quiet -v -imultiarch x86_64-linux-gnu /usr/share/cmake-3.16/Modules/CMakeCCompilerABI.c -quiet -dumpbase CMakeCCompilerABI.c -m64 -mtune=generic -march=x86-64 -auxbase-strip CMakeFiles/cmTC_e240a.dir/CMakeCCompilerABI.c.o -version -ffunction-sections -fdata-sections -fPIC -fasynchronous-unwind-tables -fstack-protector-strong -Wformat -Wformat-security -fstack-clash-protection -fcf-protection -o /tmp/ccHp1HW8.s
GNU C17 (Ubuntu 9.3.0-17ubuntu1~20.04) version 9.3.0 (x86_64-linux-gnu)
	compiled by GNU C version 9.3.0, GMP version 6.2.0, MPFR version 4.0.2, MPC version 1.1.0, isl version isl-0.22.1-GMP

GGC heuristics: --param ggc-min-expand=100 --param ggc-min-heapsize=131072
ignoring nonexistent directory "/usr/local/include/x86_64-linux-gnu"
ignoring nonexistent directory "/usr/lib/gcc/x86_64-linux-gnu/9/include-fixed"
ignoring nonexistent directory "/usr/lib/gcc/x86_64-linux-gnu/9/../../../../x86_64-linux-gnu/include"
#include "..." search starts here:
#include <...> search starts here:
 /usr/lib/gcc/x86_64-linux-gnu/9/include
 /usr/local/include
 /usr/include/x86_64-linux-gnu
 /usr/include
End of search list.
GNU C17 (Ubuntu 9.3.0-17ubuntu1~20.04) version 9.3.0 (x86_64-linux-gnu)
	compiled by GNU C version 9.3.0, GMP version 6.2.0, MPFR version 4.0.2, MPC version 1.1.0, isl version isl-0.22.1-GMP

GGC heuristics: --param ggc-min-expand=100 --param ggc-min-heapsize=131072
Compiler executable checksum: bbf13931d8de1abe14040c9909cb6969
COLLECT_GCC_OPTIONS='-ffunction-sections' '-fdata-sections' '-fPIC' '-m64' '-v' '-o' 'CMakeFiles/cmTC_e240a.dir/CMakeCCompilerABI.c.o' '-c' '-mtune=generic' '-march=x86-64'
 as -v --64 -o CMakeFiles/cmTC_e240a.dir/CMakeCCompilerABI.c.o /tmp/ccHp1HW8.s
GNU assembler version 2.34 (x86_64-linux-gnu) using BFD version (GNU Binutils for Ubuntu) 2.34
COMPILER_PATH=/usr/lib/gcc/x86_64-linux-gnu/9/:/usr/lib/gcc/x86_64-linux-gnu/9/:/usr/lib/gcc/x86_64-linux-gnu/:/usr/lib/gcc/x86_64-linux-gnu/9/:/usr/lib/gcc/x86_64-linux-gnu/
LIBRARY_PATH=/usr/lib/gcc/x86_64-linux-gnu/9/:/usr/lib/gcc/x86_64-linux-gnu/9/../../../x86_64-linux-gnu/:/usr/lib/gcc/x86_64-linux-gnu/9/../../../../lib/:/lib/x86_64-linux-gnu/:/lib/../lib/:/usr/lib/x86_64-linux-gnu/:/usr/lib/../lib/:/usr/lib/gcc/x86_64-linux-gnu/9/../../../:/lib/:/usr/lib/
COLLECT_GCC_OPTIONS='-ffunction-sections' '-fdata-sections' '-fPIC' '-m64' '-v' '-o' 'CMakeFiles/cmTC_e240a.dir/CMakeCCompilerABI.c.o' '-c' '-mtune=generic' '-march=x86-64'
Linking C executable cmTC_e240a
/usr/bin/cmake -E cmake_link_script CMakeFiles/cmTC_e240a.dir/link.txt --verbose=1
/usr/bin/cc  -ffunction-sections -fdata-sections -fPIC -m64    -v -rdynamic CMakeFiles/cmTC_e240a.dir/CMakeCCompilerABI.c.o  -o cmTC_e240a 
Using built-in specs.
COLLECT_GCC=/usr/bin/cc
COLLECT_LTO_WRAPPER=/usr/lib/gcc/x86_64-linux-gnu/9/lto-wrapper
OFFLOAD_TARGET_NAMES=nvptx-none:hsa
OFFLOAD_TARGET_DEFAULT=1
Target: x86_64-linux-gnu
Configured with: ../src/configure -v --with-pkgversion='Ubuntu 9.3.0-17ubuntu1~20.04' --with-bugurl=file:///usr/share/doc/gcc-9/README.Bugs --enable-languages=c,ada,c++,go,brig,d,fortran,objc,obj-c++,gm2 --prefix=/usr --with-gcc-major-version-only --program-suffix=-9 --program-prefix=x86_64-linux-gnu- --enable-shared --enable-linker-build-id --libexecdir=/usr/lib --without-included-gettext --enable-threads=posix --libdir=/usr/lib --enable-nls --enable-clocale=gnu --enable-libstdcxx-debug --enable-libstdcxx-time=yes --with-default-libstdcxx-abi=new --enable-gnu-unique-object --disable-vtable-verify --enable-plugin --enable-default-pie --with-system-zlib --with-target-system-zlib=auto --enable-objc-gc=auto --enable-multiarch --disable-werror --with-arch-32=i686 --with-abi=m64 --with-multilib-list=m32,m64,mx32 --enable-multilib --with-tune=generic --enable-offload-targets=nvptx-none=/build/gcc-9-HskZEa/gcc-9-9.3.0/debian/tmp-nvptx/usr,hsa --without-cuda-driver --enable-checking=release --build=x86_64-linux-gnu --host=x86_64-linux-gnu --target=x86_64-linux-gnu
Thread model: posix
gcc version 9.3.0 (Ubuntu 9.3.0-17ubuntu1~20.04) 
COMPILER_PATH=/usr/lib/gcc/x86_64-linux-gnu/9/:/usr/lib/gcc/x86_64-linux-gnu/9/:/usr/lib/gcc/x86_64-linux-gnu/:/usr/lib/gcc/x86_64-linux-gnu/9/:/usr/lib/gcc/x86_64-linux-gnu/
LIBRARY_PATH=/usr/lib/gcc/x86_64-linux-gnu/9/:/usr/lib/gcc/x86_64-linux-gnu/9/../../../x86_64-linux-gnu/:/usr/lib/gcc/x86_64-linux-gnu/9/../../../../lib/:/lib/x86_64-linux-gnu/:/lib/../lib/:/usr/lib/x86_64-linux-gnu/:/usr/lib/../lib/:/usr/lib/gcc/x86_64-linux-gnu/9/../../../:/lib/:/usr/lib/
COLLECT_GCC_OPTIONS='-ffunction-sections' '-fdata-sections' '-fPIC' '-m64' '-v' '-rdynamic' '-o' 'cmTC_e240a' '-mtune=generic' '-march=x86-64'
 /usr/lib/gcc/x86_64-linux-gnu/9/collect2 -plugin /usr/lib/gcc/x86_64-linux-gnu/9/liblto_plugin.so -plugin-opt=/usr/lib/gcc/x86_64-linux-gnu/9/lto-wrapper -plugin-opt=-fresolution=/tmp/cclQtnGd.res -plugin-opt=-pass-through=-lgcc -plugin-opt=-pass-through=-lgcc_s -plugin-opt=-pass-through=-lc -plugin-opt=-pass-through=-lgcc -plugin-opt=-pass-through=-lgcc_s --build-id --eh-frame-hdr -m elf_x86_64 --hash-style=gnu --as-needed -export-dynamic -dynamic-linker /lib64/ld-linux-x86-64.so.2 -pie -z now -z relro -o cmTC_e240a /usr/lib/gcc/x86_64-linux-gnu/9/../../../x86_64-linux-gnu/Scrt1.o /usr/lib/gcc/x86_64-linux-gnu/9/../../../x86_64-linux-gnu/crti.o /usr/lib/gcc/x86_64-linux-gnu/9/crtbeginS.o -L/usr/lib/gcc/x86_64-linux-gnu/9 -L/usr/lib/gcc/x86_64-linux-gnu/9/../../../x86_64-linux-gnu -L/usr/lib/gcc/x86_64-linux-gnu/9/../../../../lib -L/lib/x86_64-linux-gnu -L/lib/../lib -L/usr/lib/x86_64-linux-gnu -L/usr/lib/../lib -L/usr/lib/gcc/x86_64-linux-gnu/9/../../.. CMakeFiles/cmTC_e240a.dir/CMakeCCompilerABI.c.o -lgcc --push-state --as-needed -lgcc_s --pop-state -lc -lgcc --push-state --as-needed -lgcc_s --pop-state /usr/lib/gcc/x86_64-linux-gnu/9/crtendS.o /usr/lib/gcc/x86_64-linux-gnu/9/../../../x86_64-linux-gnu/crtn.o
COLLECT_GCC_OPTIONS='-ffunction-sections' '-fdata-sections' '-fPIC' '-m64' '-v' '-rdynamic' '-o' 'cmTC_e240a' '-mtune=generic' '-march=x86-64'
make[1]: Leaving directory '/home/alberto/Projects/07_GSaaS_Rust/03_TM_Decoder/target/debug/build/nng-sys-43ddbed0e36856bc/out/build/CMakeFiles/CMakeTmp'



Parsed C implicit include dir info from above output: rv=done
  found start of include info
  found start of implicit include info
    add: [/usr/lib/gcc/x86_64-linux-gnu/9/include]
    add: [/usr/local/include]
    add: [/usr/include/x86_64-linux-gnu]
    add: [/usr/include]
  end of search list found
  collapse include dir [/usr/lib/gcc/x86_64-linux-gnu/9/include] ==> [/usr/lib/gcc/x86_64-linux-gnu/9/include]
  collapse include dir [/usr/local/include] ==> [/usr/local/include]
  collapse include dir [/usr/include/x86_64-linux-gnu] ==> [/usr/include/x86_64-linux-gnu]
  collapse include dir [/usr/include] ==> [/usr/include]
  implicit include dirs: [/usr/lib/gcc/x86_64-linux-gnu/9/include;/usr/local/include;/usr/include/x86_64-linux-gnu;/usr/include]


Parsed C implicit link information from above output:
  link line regex: [^( *|.*[/\])(ld|CMAKE_LINK_STARTFILE-NOTFOUND|([^/\]+-)?ld|collect2)[^/\]*( |$)]
  ignore line: [Change Dir: /home/alberto/Projects/07_GSaaS_Rust/03_TM_Decoder/target/debug/build/nng-sys-43ddbed0e36856bc/out/build/CMakeFiles/CMakeTmp]
  ignore line: []
  ignore line: [Run Build Command(s):/usr/bin/make cmTC_e240a/fast && /usr/bin/make -f CMakeFiles/cmTC_e240a.dir/build.make CMakeFiles/cmTC_e240a.dir/build]
  ignore line: [make[1]: Entering directory '/home/alberto/Projects/07_GSaaS_Rust/03_TM_Decoder/target/debug/build/nng-sys-43ddbed0e36856bc/out/build/CMakeFiles/CMakeTmp']
  ignore line: [Building C object CMakeFiles/cmTC_e240a.dir/CMakeCCompilerABI.c.o]
  ignore line: [/usr/bin/cc   -ffunction-sections -fdata-sections -fPIC -m64    -v -o CMakeFiles/cmTC_e240a.dir/CMakeCCompilerABI.c.o   -c /usr/share/cmake-3.16/Modules/CMakeCCompilerABI.c]
  ignore line: [Using built-in specs.]
  ignore line: [COLLECT_GCC=/usr/bin/cc]
  ignore line: [OFFLOAD_TARGET_NAMES=nvptx-none:hsa]
  ignore line: [OFFLOAD_TARGET_DEFAULT=1]
  ignore line: [Target: x86_64-linux-gnu]
  ignore line: [Configured with: ../src/configure -v --with-pkgversion='Ubuntu 9.3.0-17ubuntu1~20.04' --with-bugurl=file:///usr/share/doc/gcc-9/README.Bugs --enable-languages=c ada c++ go brig d fortran objc obj-c++ gm2 --prefix=/usr --with-gcc-major-version-only --program-suffix=-9 --program-prefix=x86_64-linux-gnu- --enable-shared --enable-linker-build-id --libexecdir=/usr/lib --without-included-gettext --enable-threads=posix --libdir=/usr/lib --enable-nls --enable-clocale=gnu --enable-libstdcxx-debug --enable-libstdcxx-time=yes --with-default-libstdcxx-abi=new --enable-gnu-unique-object --disable-vtable-verify --enable-plugin --enable-default-pie --with-system-zlib --with-target-system-zlib=auto --enable-objc-gc=auto --enable-multiarch --disable-werror --with-arch-32=i686 --with-abi=m64 --with-multilib-list=m32 m64 mx32 --enable-multilib --with-tune=generic --enable-offload-targets=nvptx-none=/build/gcc-9-HskZEa/gcc-9-9.3.0/debian/tmp-nvptx/usr hsa --without-cuda-driver --enable-checking=release --build=x86_64-linux-gnu --host=x86_64-linux-gnu --target=x86_64-linux-gnu]
  ignore line: [Thread model: posix]
  ignore line: [gcc version 9.3.0 (Ubuntu 9.3.0-17ubuntu1~20.04) ]
  ignore line: [COLLECT_GCC_OPTIONS='-ffunction-sections' '-fdata-sections' '-fPIC' '-m64' '-v' '-o' 'CMakeFiles/cmTC_e240a.dir/CMakeCCompilerABI.c.o' '-c' '-mtune=generic' '-march=x86-64']
  ignore line: [ /usr/lib/gcc/x86_64-linux-gnu/9/cc1 -quiet -v -imultiarch x86_64-linux-gnu /usr/share/cmake-3.16/Modules/CMakeCCompilerABI.c -quiet -dumpbase CMakeCCompilerABI.c -m64 -mtune=generic -march=x86-64 -auxbase-strip CMakeFiles/cmTC_e240a.dir/CMakeCCompilerABI.c.o -version -ffunction-sections -fdata-sections -fPIC -fasynchronous-unwind-tables -fstack-protector-strong -Wformat -Wformat-security -fstack-clash-protection -fcf-protection -o /tmp/ccHp1HW8.s]
  ignore line: [GNU C17 (Ubuntu 9.3.0-17ubuntu1~20.04) version 9.3.0 (x86_64-linux-gnu)]
  ignore line: [	compiled by GNU C version 9.3.0  GMP version 6.2.0  MPFR version 4.0.2  MPC version 1.1.0  isl version isl-0.22.1-GMP]
  ignore line: []
  ignore line: [GGC heuristics: --param ggc-min-expand=100 --param ggc-min-heapsize=131072]
  ignore line: [ignoring nonexistent directory "/usr/local/include/x86_64-linux-gnu"]
  ignore line: [ignoring nonexistent directory "/usr/lib/gcc/x86_64-linux-gnu/9/include-fixed"]
  ignore line: [ignoring nonexistent directory "/usr/lib/gcc/x86_64-linux-gnu/9/../../../../x86_64-linux-gnu/include"]
  ignore line: [#include "..." search starts here:]
  ignore line: [#include <...> search starts here:]
  ignore line: [ /usr/lib/gcc/x86_64-linux-gnu/9/include]
  ignore line: [ /usr/local/include]
  ignore line: [ /usr/include/x86_64-linux-gnu]
  ignore line: [ /usr/include]
  ignore line: [End of search list.]
  ignore line: [GNU C17 (Ubuntu 9.3.0-17ubuntu1~20.04) version 9.3.0 (x86_64-linux-gnu)]
  ignore line: [	compiled by GNU C version 9.3.0  GMP version 6.2.0  MPFR version 4.0.2  MPC version 1.1.0  isl version isl-0.22.1-GMP]
  ignore line: []
  ignore line: [GGC heuristics: --param ggc-min-expand=100 --param ggc-min-heapsize=131072]
  ignore line: [Compiler executable checksum: bbf13931d8de1abe14040c9909cb6969]
  ignore line: [COLLECT_GCC_OPTIONS='-ffunction-sections' '-fdata-sections' '-fPIC' '-m64' '-v' '-o' 'CMakeFiles/cmTC_e240a.dir/CMakeCCompilerABI.c.o' '-c' '-mtune=generic' '-march=x86-64']
  ignore line: [ as -v --64 -o CMakeFiles/cmTC_e240a.dir/CMakeCCompilerABI.c.o /tmp/ccHp1HW8.s]
  ignore line: [GNU assembler version 2.34 (x86_64-linux-gnu) using BFD version (GNU Binutils for Ubuntu) 2.34]
  ignore line: [COMPILER_PATH=/usr/lib/gcc/x86_64-linux-gnu/9/:/usr/lib/gcc/x86_64-linux-gnu/9/:/usr/lib/gcc/x86_64-linux-gnu/:/usr/lib/gcc/x86_64-linux-gnu/9/:/usr/lib/gcc/x86_64-linux-gnu/]
  ignore line: [LIBRARY_PATH=/usr/lib/gcc/x86_64-linux-gnu/9/:/usr/lib/gcc/x86_64-linux-gnu/9/../../../x86_64-linux-gnu/:/usr/lib/gcc/x86_64-linux-gnu/9/../../../../lib/:/lib/x86_64-linux-gnu/:/lib/../lib/:/usr/lib/x86_64-linux-gnu/:/usr/lib/../lib/:/usr/lib/gcc/x86_64-linux-gnu/9/../../../:/lib/:/usr/lib/]
  ignore line: [COLLECT_GCC_OPTIONS='-ffunction-sections' '-fdata-sections' '-fPIC' '-m64' '-v' '-o' 'CMakeFiles/cmTC_e240a.dir/CMakeCCompilerABI.c.o' '-c' '-mtune=generic' '-march=x86-64']
  ignore line: [Linking C executable cmTC_e240a]
  ignore line: [/usr/bin/cmake -E cmake_link_script CMakeFiles/cmTC_e240a.dir/link.txt --verbose=1]
  ignore line: [/usr/bin/cc  -ffunction-sections -fdata-sections -fPIC -m64    -v -rdynamic CMakeFiles/cmTC_e240a.dir/CMakeCCompilerABI.c.o  -o cmTC_e240a ]
  ignore line: [Using built-in specs.]
  ignore line: [COLLECT_GCC=/usr/bin/cc]
  ignore line: [COLLECT_LTO_WRAPPER=/usr/lib/gcc/x86_64-linux-gnu/9/lto-wrapper]
  ignore line: [OFFLOAD_TARGET_NAMES=nvptx-none:hsa]
  ignore line: [OFFLOAD_TARGET_DEFAULT=1]
  ignore line: [Target: x86_64-linux-gnu]
  ignore line: [Configured with: ../src/configure -v --with-pkgversion='Ubuntu 9.3.0-17ubuntu1~20.04' --with-bugurl=file:///usr/share/doc/gcc-9/README.Bugs --enable-languages=c ada c++ go brig d fortran objc obj-c++ gm2 --prefix=/usr --with-gcc-major-version-only --program-suffix=-9 --program-prefix=x86_64-linux-gnu- --enable-shared --enable-linker-build-id --libexecdir=/usr/lib --without-included-gettext --enable-threads=posix --libdir=/usr/lib --enable-nls --enable-clocale=gnu --enable-libstdcxx-debug --enable-libstdcxx-time=yes --with-default-libstdcxx-abi=new --enable-gnu-unique-object --disable-vtable-verify --enable-plugin --enable-default-pie --with-system-zlib --with-target-system-zlib=auto --enable-objc-gc=auto --enable-multiarch --disable-werror --with-arch-32=i686 --with-abi=m64 --with-multilib-list=m32 m64 mx32 --enable-multilib --with-tune=generic --enable-offload-targets=nvptx-none=/build/gcc-9-HskZEa/gcc-9-9.3.0/debian/tmp-nvptx/usr hsa --without-cuda-driver --enable-checking=release --build=x86_64-linux-gnu --host=x86_64-linux-gnu --target=x86_64-linux-gnu]
  ignore line: [Thread model: posix]
  ignore line: [gcc version 9.3.0 (Ubuntu 9.3.0-17ubuntu1~20.04) ]
  ignore line: [COMPILER_PATH=/usr/lib/gcc/x86_64-linux-gnu/9/:/usr/lib/gcc/x86_64-linux-gnu/9/:/usr/lib/gcc/x86_64-linux-gnu/:/usr/lib/gcc/x86_64-linux-gnu/9/:/usr/lib/gcc/x86_64-linux-gnu/]
  ignore line: [LIBRARY_PATH=/usr/lib/gcc/x86_64-linux-gnu/9/:/usr/lib/gcc/x86_64-linux-gnu/9/../../../x86_64-linux-gnu/:/usr/lib/gcc/x86_64-linux-gnu/9/../../../../lib/:/lib/x86_64-linux-gnu/:/lib/../lib/:/usr/lib/x86_64-linux-gnu/:/usr/lib/../lib/:/usr/lib/gcc/x86_64-linux-gnu/9/../../../:/lib/:/usr/lib/]
  ignore line: [COLLECT_GCC_OPTIONS='-ffunction-sections' '-fdata-sections' '-fPIC' '-m64' '-v' '-rdynamic' '-o' 'cmTC_e240a' '-mtune=generic' '-march=x86-64']
  link line: [ /usr/lib/gcc/x86_64-linux-gnu/9/collect2 -plugin /usr/lib/gcc/x86_64-linux-gnu/9/liblto_plugin.so -plugin-opt=/usr/lib/gcc/x86_64-linux-gnu/9/lto-wrapper -plugin-opt=-fresolution=/tmp/cclQtnGd.res -plugin-opt=-pass-through=-lgcc -plugin-opt=-pass-through=-lgcc_s -plugin-opt=-pass-through=-lc -plugin-opt=-pass-through=-lgcc -plugin-opt=-pass-through=-lgcc_s --build-id --eh-frame-hdr -m elf_x86_64 --hash-style=gnu --as-needed -export-dynamic -dynamic-linker /lib64/ld-linux-x86-64.so.2 -pie -z now -z relro -o cmTC_e240a /usr/lib/gcc/x86_64-linux-gnu/9/../../../x86_64-linux-gnu/Scrt1.o /usr/lib/gcc/x86_64-linux-gnu/9/../../../x86_64-linux-gnu/crti.o /usr/lib/gcc/x86_64-linux-gnu/9/crtbeginS.o -L/usr/lib/gcc/x86_64-linux-gnu/9 -L/usr/lib/gcc/x86_64-linux-gnu/9/../../../x86_64-linux-gnu -L/usr/lib/gcc/x86_64-linux-gnu/9/../../../../lib -L/lib/x86_64-linux-gnu -L/lib/../lib -L/usr/lib/x86_64-linux-gnu -L/usr/lib/../lib -L/usr/lib/gcc/x86_64-linux-gnu/9/../../.. CMakeFiles/cmTC_e240a.dir/CMakeCCompilerABI.c.o -lgcc --push-state --as-needed -lgcc_s --pop-state -lc -lgcc --push-state --as-needed -lgcc_s --pop-state /usr/lib/gcc/x86_64-linux-gnu/9/crtendS.o /usr/lib/gcc/x86_64-linux-gnu/9/../../../x86_64-linux-gnu/crtn.o]
    arg [/usr/lib/gcc/x86_64-linux-gnu/9/collect2] ==> ignore
    arg [-plugin] ==> ignore
    arg [/usr/lib/gcc/x86_64-linux-gnu/9/liblto_plugin.so] ==> ignore
    arg [-plugin-opt=/usr/lib/gcc/x86_64-linux-gnu/9/lto-wrapper] ==> ignore
    arg [-plugin-opt=-fresolution=/tmp/cclQtnGd.res] ==> ignore
    arg [-plugin-opt=-pass-through=-lgcc] ==> ignore
    arg [-plugin-opt=-pass-through=-lgcc_s] ==> ignore
    arg [-plugin-opt=-pass-through=-lc] ==> ignore
    arg [-plugin-opt=-pass-through=-lgcc] ==> ignore
    arg [-plugin-opt=-pass-through=-lgcc_s] ==> ignore
    arg [--build-id] ==> ignore
    arg [--eh-frame-hdr] ==> ignore
    arg [-m] ==> ignore
    arg [elf_x86_64] ==> ignore
    arg [--hash-style=gnu] ==> ignore
    arg [--as-needed] ==> ignore
    arg [-export-dynamic] ==> ignore
    arg [-dynamic-linker] ==> ignore
    arg [/lib64/ld-linux-x86-64.so.2] ==> ignore
    arg [-pie] ==> ignore
    arg [-znow] ==> ignore
    arg [-zrelro] ==> ignore
    arg [-o] ==> ignore
    arg [cmTC_e240a] ==> ignore
    arg [/usr/lib/gcc/x86_64-linux-gnu/9/../../../x86_64-linux-gnu/Scrt1.o] ==> ignore
    arg [/usr/lib/gcc/x86_64-linux-gnu/9/../../../x86_64-linux-gnu/crti.o] ==> ignore
    arg [/usr/lib/gcc/x86_64-linux-gnu/9/crtbeginS.o] ==> ignore
    arg [-L/usr/lib/gcc/x86_64-linux-gnu/9] ==> dir [/usr/lib/gcc/x86_64-linux-gnu/9]
    arg [-L/usr/lib/gcc/x86_64-linux-gnu/9/../../../x86_64-linux-gnu] ==> dir [/usr/lib/gcc/x86_64-linux-gnu/9/../../../x86_64-linux-gnu]
    arg [-L/usr/lib/gcc/x86_64-linux-gnu/9/../../../../lib] ==> dir [/usr/lib/gcc/x86_64-linux-gnu/9/../../../../lib]
    arg [-L/lib/x86_64-linux-gnu] ==> dir [/lib/x86_64-linux-gnu]
    arg [-L/lib/../lib] ==> dir [/lib/../lib]
    arg [-L/usr/lib/x86_64-linux-gnu] ==> dir [/usr/lib/x86_64-linux-gnu]
    arg [-L/usr/lib/../lib] ==> dir [/usr/lib/../lib]
    arg [-L/usr/lib/gcc/x86_64-linux-gnu/9/../../..] ==> dir [/usr/lib/gcc/x86_64-linux-gnu/9/../../..]
    arg [CMakeFiles/cmTC_e240a.dir/CMakeCCompilerABI.c.o] ==> ignore
    arg [-lgcc] ==> lib [gcc]
    arg [--push-state] ==> ignore
    arg [--as-needed] ==> ignore
    arg [-lgcc_s] ==> lib [gcc_s]
    arg [--pop-state] ==> ignore
    arg [-lc] ==> lib [c]
    arg [-lgcc] ==> lib [gcc]
    arg [--push-state] ==> ignore
    arg [--as-needed] ==> ignore
    arg [-lgcc_s] ==> lib [gcc_s]
    arg [--pop-state] ==> ignore
    arg [/usr/lib/gcc/x86_64-linux-gnu/9/crtendS.o] ==> ignore
    arg [/usr/lib/gcc/x86_64-linux-gnu/9/../../../x86_64-linux-gnu/crtn.o] ==> ignore
  collapse library dir [/usr/lib/gcc/x86_64-linux-gnu/9] ==> [/usr/lib/gcc/x86_64-linux-gnu/9]
  collapse library dir [/usr/lib/gcc/x86_64-linux-gnu/9/../../../x86_64-linux-gnu] ==> [/usr/lib/x86_64-linux-gnu]
  collapse library dir [/usr/lib/gcc/x86_64-linux-gnu/9/../../../../lib] ==> [/usr/lib]
  collapse library dir [/lib/x86_64-linux-gnu] ==> [/lib/x86_64-linux-gnu]
  collapse library dir [/lib/../lib] ==> [/lib]
  collapse library dir [/usr/lib/x86_64-linux-gnu] ==> [/usr/lib/x86_64-linux-gnu]
  collapse library dir [/usr/lib/../lib] ==> [/usr/lib]
  collapse library dir [/usr/lib/gcc/x86_64-linux-gnu/9/../../..] ==> [/usr/lib]
  implicit libs: [gcc;gcc_s;c;gcc;gcc_s]
  implicit dirs: [/usr/lib/gcc/x86_64-linux-gnu/9;/usr/lib/x86_64-linux-gnu;/usr/lib;/lib/x86_64-linux-gnu;/lib]
  implicit fwks: []


Determining if the include file sys/types.h exists passed with the following output:
Change Dir: /home/alberto/Projects/07_GSaaS_Rust/03_TM_Decoder/target/debug/build/nng-sys-43ddbed0e36856bc/out/build/CMakeFiles/CMakeTmp

Run Build Command(s):/usr/bin/make cmTC_30b90/fast && /usr/bin/make -f CMakeFiles/cmTC_30b90.dir/build.make CMakeFiles/cmTC_30b90.dir/build
make[1]: Entering directory '/home/alberto/Projects/07_GSaaS_Rust/03_TM_Decoder/target/debug/build/nng-sys-43ddbed0e36856bc/out/build/CMakeFiles/CMakeTmp'
Building C object CMakeFiles/cmTC_30b90.dir/CheckIncludeFile.c.o
/usr/bin/cc   -ffunction-sections -fdata-sections -fPIC -m64 -Wall -Wextra -fno-omit-frame-pointer      -o CMakeFiles/cmTC_30b90.dir/CheckIncludeFile.c.o   -c /home/alberto/Projects/07_GSaaS_Rust/03_TM_Decoder/target/debug/build/nng-sys-43ddbed0e36856bc/out/build/CMakeFiles/CMakeTmp/CheckIncludeFile.c
Linking C executable cmTC_30b90
/usr/bin/cmake -E cmake_link_script CMakeFiles/cmTC_30b90.dir/link.txt --verbose=1
/usr/bin/cc  -ffunction-sections -fdata-sections -fPIC -m64 -Wall -Wextra -fno-omit-frame-pointer       -rdynamic CMakeFiles/cmTC_30b90.dir/CheckIncludeFile.c.o  -o cmTC_30b90 
make[1]: Leaving directory '/home/alberto/Projects/07_GSaaS_Rust/03_TM_Decoder/target/debug/build/nng-sys-43ddbed0e36856bc/out/build/CMakeFiles/CMakeTmp'



Determining if the include file stdint.h exists passed with the following output:
Change Dir: /home/alberto/Projects/07_GSaaS_Rust/03_TM_Decoder/target/debug/build/nng-sys-43ddbed0e36856bc/out/build/CMakeFiles/CMakeTmp

Run Build Command(s):/usr/bin/make cmTC_8f294/fast && /usr/bin/make -f CMakeFiles/cmTC_8f294.dir/build.make CMakeFiles/cmTC_8f294.dir/build
make[1]: Entering directory '/home/alberto/Projects/07_GSaaS_Rust/03_TM_Decoder/target/debug/build/nng-sys-43ddbed0e36856bc/out/build/CMakeFiles/CMakeTmp'
Building C object CMakeFiles/cmTC_8f294.dir/CheckIncludeFile.c.o
/usr/bin/cc   -ffunction-sections -fdata-sections -fPIC -m64 -Wall -Wextra -fno-omit-frame-pointer      -o CMakeFiles/cmTC_8f294.dir/CheckIncludeFile.c.o   -c /home/alberto/Projects/07_GSaaS_Rust/03_TM_Decoder/target/debug/build/nng-sys-43ddbed0e36856bc/out/build/CMakeFiles/CMakeTmp/CheckIncludeFile.c
Linking C executable cmTC_8f294
/usr/bin/cmake -E cmake_link_script CMakeFiles/cmTC_8f294.dir/link.txt --verbose=1
/usr/bin/cc  -ffunction-sections -fdata-sections -fPIC -m64 -Wall -Wextra -fno-omit-frame-pointer       -rdynamic CMakeFiles/cmTC_8f294.dir/CheckIncludeFile.c.o  -o cmTC_8f294 
make[1]: Leaving directory '/home/alberto/Projects/07_GSaaS_Rust/03_TM_Decoder/target/debug/build/nng-sys-43ddbed0e36856bc/out/build/CMakeFiles/CMakeTmp'



Determining if the include file stddef.h exists passed with the following output:
Change Dir: /home/alberto/Projects/07_GSaaS_Rust/03_TM_Decoder/target/debug/build/nng-sys-43ddbed0e36856bc/out/build/CMakeFiles/CMakeTmp

Run Build Command(s):/usr/bin/make cmTC_740ca/fast && /usr/bin/make -f CMakeFiles/cmTC_740ca.dir/build.make CMakeFiles/cmTC_740ca.dir/build
make[1]: Entering directory '/home/alberto/Projects/07_GSaaS_Rust/03_TM_Decoder/target/debug/build/nng-sys-43ddbed0e36856bc/out/build/CMakeFiles/CMakeTmp'
Building C object CMakeFiles/cmTC_740ca.dir/CheckIncludeFile.c.o
/usr/bin/cc   -ffunction-sections -fdata-sections -fPIC -m64 -Wall -Wextra -fno-omit-frame-pointer      -o CMakeFiles/cmTC_740ca.dir/CheckIncludeFile.c.o   -c /home/alberto/Projects/07_GSaaS_Rust/03_TM_Decoder/target/debug/build/nng-sys-43ddbed0e36856bc/out/build/CMakeFiles/CMakeTmp/CheckIncludeFile.c
Linking C executable cmTC_740ca
/usr/bin/cmake -E cmake_link_script CMakeFiles/cmTC_740ca.dir/link.txt --verbose=1
/usr/bin/cc  -ffunction-sections -fdata-sections -fPIC -m64 -Wall -Wextra -fno-omit-frame-pointer       -rdynamic CMakeFiles/cmTC_740ca.dir/CheckIncludeFile.c.o  -o cmTC_740ca 
make[1]: Leaving directory '/home/alberto/Projects/07_GSaaS_Rust/03_TM_Decoder/target/debug/build/nng-sys-43ddbed0e36856bc/out/build/CMakeFiles/CMakeTmp'



Determining size of unsigned short passed with the following output:
Change Dir: /home/alberto/Projects/07_GSaaS_Rust/03_TM_Decoder/target/debug/build/nng-sys-43ddbed0e36856bc/out/build/CMakeFiles/CMakeTmp

Run Build Command(s):/usr/bin/make cmTC_6cbdc/fast && /usr/bin/make -f CMakeFiles/cmTC_6cbdc.dir/build.make CMakeFiles/cmTC_6cbdc.dir/build
make[1]: Entering directory '/home/alberto/Projects/07_GSaaS_Rust/03_TM_Decoder/target/debug/build/nng-sys-43ddbed0e36856bc/out/build/CMakeFiles/CMakeTmp'
Building C object CMakeFiles/cmTC_6cbdc.dir/CMAKE_SIZEOF_UNSIGNED_SHORT.c.o
/usr/bin/cc   -ffunction-sections -fdata-sections -fPIC -m64 -Wall -Wextra -fno-omit-frame-pointer      -o CMakeFiles/cmTC_6cbdc.dir/CMAKE_SIZEOF_UNSIGNED_SHORT.c.o   -c /home/alberto/Projects/07_GSaaS_Rust/03_TM_Decoder/target/debug/build/nng-sys-43ddbed0e36856bc/out/build/CMakeFiles/CheckTypeSize/CMAKE_SIZEOF_UNSIGNED_SHORT.c
Linking C executable cmTC_6cbdc
/usr/bin/cmake -E cmake_link_script CMakeFiles/cmTC_6cbdc.dir/link.txt --verbose=1
/usr/bin/cc  -ffunction-sections -fdata-sections -fPIC -m64 -Wall -Wextra -fno-omit-frame-pointer       -rdynamic CMakeFiles/cmTC_6cbdc.dir/CMAKE_SIZEOF_UNSIGNED_SHORT.c.o  -o cmTC_6cbdc 
make[1]: Leaving directory '/home/alberto/Projects/07_GSaaS_Rust/03_TM_Decoder/target/debug/build/nng-sys-43ddbed0e36856bc/out/build/CMakeFiles/CMakeTmp'



Determining if the system is big endian passed with the following output:
Change Dir: /home/alberto/Projects/07_GSaaS_Rust/03_TM_Decoder/target/debug/build/nng-sys-43ddbed0e36856bc/out/build/CMakeFiles/CMakeTmp

Run Build Command(s):/usr/bin/make cmTC_a2799/fast && /usr/bin/make -f CMakeFiles/cmTC_a2799.dir/build.make CMakeFiles/cmTC_a2799.dir/build
make[1]: Entering directory '/home/alberto/Projects/07_GSaaS_Rust/03_TM_Decoder/target/debug/build/nng-sys-43ddbed0e36856bc/out/build/CMakeFiles/CMakeTmp'
Building C object CMakeFiles/cmTC_a2799.dir/TestEndianess.c.o
/usr/bin/cc   -ffunction-sections -fdata-sections -fPIC -m64 -Wall -Wextra -fno-omit-frame-pointer      -o CMakeFiles/cmTC_a2799.dir/TestEndianess.c.o   -c /home/alberto/Projects/07_GSaaS_Rust/03_TM_Decoder/target/debug/build/nng-sys-43ddbed0e36856bc/out/build/CMakeFiles/CMakeTmp/TestEndianess.c
Linking C executable cmTC_a2799
/usr/bin/cmake -E cmake_link_script CMakeFiles/cmTC_a2799.dir/link.txt --verbose=1
/usr/bin/cc  -ffunction-sections -fdata-sections -fPIC -m64 -Wall -Wextra -fno-omit-frame-pointer       -rdynamic CMakeFiles/cmTC_a2799.dir/TestEndianess.c.o  -o cmTC_a2799 
make[1]: Leaving directory '/home/alberto/Projects/07_GSaaS_Rust/03_TM_Decoder/target/debug/build/nng-sys-43ddbed0e36856bc/out/build/CMakeFiles/CMakeTmp'


TestEndianess.c:
/* A 16 bit integer is required. */
typedef unsigned short cmakeint16;

/* On a little endian machine, these 16bit ints will give "THIS IS LITTLE ENDIAN."
   On a big endian machine the characters will be exchanged pairwise. */
const cmakeint16 info_little[] =  {0x4854, 0x5349, 0x4920, 0x2053, 0x494c, 0x5454, 0x454c, 0x4520, 0x444e, 0x4149, 0x2e4e, 0x0000};

/* on a big endian machine, these 16bit ints will give "THIS IS BIG ENDIAN."
   On a little endian machine the characters will be exchanged pairwise. */
const cmakeint16 info_big[] =     {0x5448, 0x4953, 0x2049, 0x5320, 0x4249, 0x4720, 0x454e, 0x4449, 0x414e, 0x2e2e, 0x0000};

#ifdef __CLASSIC_C__
int main(argc, argv) int argc; char *argv[];
#else
int main(int argc, char *argv[])
#endif
{
  int require = 0;
  require += info_little[argc];
  require += info_big[argc];
  (void)argv;
  return require;
}


Performing C SOURCE FILE Test NNG_HIDDEN_VISIBILITY succeeded with the following output:
Change Dir: /home/alberto/Projects/07_GSaaS_Rust/03_TM_Decoder/target/debug/build/nng-sys-43ddbed0e36856bc/out/build/CMakeFiles/CMakeTmp

Run Build Command(s):/usr/bin/make cmTC_6dd30/fast && /usr/bin/make -f CMakeFiles/cmTC_6dd30.dir/build.make CMakeFiles/cmTC_6dd30.dir/build
make[1]: Entering directory '/home/alberto/Projects/07_GSaaS_Rust/03_TM_Decoder/target/debug/build/nng-sys-43ddbed0e36856bc/out/build/CMakeFiles/CMakeTmp'
Building C object CMakeFiles/cmTC_6dd30.dir/src.c.o
/usr/bin/cc   -ffunction-sections -fdata-sections -fPIC -m64 -Wall -Wextra -fno-omit-frame-pointer   -DNNG_HIDDEN_VISIBILITY   -fvisibility=hidden -o CMakeFiles/cmTC_6dd30.dir/src.c.o   -c /home/alberto/Projects/07_GSaaS_Rust/03_TM_Decoder/target/debug/build/nng-sys-43ddbed0e36856bc/out/build/CMakeFiles/CMakeTmp/src.c
Linking C executable cmTC_6dd30
/usr/bin/cmake -E cmake_link_script CMakeFiles/cmTC_6dd30.dir/link.txt --verbose=1
/usr/bin/cc  -ffunction-sections -fdata-sections -fPIC -m64 -Wall -Wextra -fno-omit-frame-pointer   -DNNG_HIDDEN_VISIBILITY    -rdynamic CMakeFiles/cmTC_6dd30.dir/src.c.o  -o cmTC_6dd30 
make[1]: Leaving directory '/home/alberto/Projects/07_GSaaS_Rust/03_TM_Decoder/target/debug/build/nng-sys-43ddbed0e36856bc/out/build/CMakeFiles/CMakeTmp'


Source file was:
int main(void) { return 0; }
Determining if the include file pthread.h exists passed with the following output:
Change Dir: /home/alberto/Projects/07_GSaaS_Rust/03_TM_Decoder/target/debug/build/nng-sys-43ddbed0e36856bc/out/build/CMakeFiles/CMakeTmp

Run Build Command(s):/usr/bin/make cmTC_6b476/fast && /usr/bin/make -f CMakeFiles/cmTC_6b476.dir/build.make CMakeFiles/cmTC_6b476.dir/build
make[1]: Entering directory '/home/alberto/Projects/07_GSaaS_Rust/03_TM_Decoder/target/debug/build/nng-sys-43ddbed0e36856bc/out/build/CMakeFiles/CMakeTmp'
Building C object CMakeFiles/cmTC_6b476.dir/CheckIncludeFile.c.o
/usr/bin/cc   -ffunction-sections -fdata-sections -fPIC -m64 -Wall -Wextra -fno-omit-frame-pointer      -o CMakeFiles/cmTC_6b476.dir/CheckIncludeFile.c.o   -c /home/alberto/Projects/07_GSaaS_Rust/03_TM_Decoder/target/debug/build/nng-sys-43ddbed0e36856bc/out/build/CMakeFiles/CMakeTmp/CheckIncludeFile.c
Linking C executable cmTC_6b476
/usr/bin/cmake -E cmake_link_script CMakeFiles/cmTC_6b476.dir/link.txt --verbose=1
/usr/bin/cc  -ffunction-sections -fdata-sections -fPIC -m64 -Wall -Wextra -fno-omit-frame-pointer       -rdynamic CMakeFiles/cmTC_6b476.dir/CheckIncludeFile.c.o  -o cmTC_6b476 
make[1]: Leaving directory '/home/alberto/Projects/07_GSaaS_Rust/03_TM_Decoder/target/debug/build/nng-sys-43ddbed0e36856bc/out/build/CMakeFiles/CMakeTmp'



Determining if the function pthread_create exists in the pthread passed with the following output:
Change Dir: /home/alberto/Projects/07_GSaaS_Rust/03_TM_Decoder/target/debug/build/nng-sys-43ddbed0e36856bc/out/build/CMakeFiles/CMakeTmp

Run Build Command(s):/usr/bin/make cmTC_d6977/fast && /usr/bin/make -f CMakeFiles/cmTC_d6977.dir/build.make CMakeFiles/cmTC_d6977.dir/build
make[1]: Entering directory '/home/alberto/Projects/07_GSaaS_Rust/03_TM_Decoder/target/debug/build/nng-sys-43ddbed0e36856bc/out/build/CMakeFiles/CMakeTmp'
Building C object CMakeFiles/cmTC_d6977.dir/CheckFunctionExists.c.o
/usr/bin/cc   -ffunction-sections -fdata-sections -fPIC -m64 -Wall -Wextra -fno-omit-frame-pointer   -DCHECK_FUNCTION_EXISTS=pthread_create   -o CMakeFiles/cmTC_d6977.dir/CheckFunctionExists.c.o   -c /usr/share/cmake-3.16/Modules/CheckFunctionExists.c
Linking C executable cmTC_d6977
/usr/bin/cmake -E cmake_link_script CMakeFiles/cmTC_d6977.dir/link.txt --verbose=1
/usr/bin/cc  -ffunction-sections -fdata-sections -fPIC -m64 -Wall -Wextra -fno-omit-frame-pointer   -DCHECK_FUNCTION_EXISTS=pthread_create    -rdynamic CMakeFiles/cmTC_d6977.dir/CheckFunctionExists.c.o  -o cmTC_d6977  -lpthread 
make[1]: Leaving directory '/home/alberto/Projects/07_GSaaS_Rust/03_TM_Decoder/target/debug/build/nng-sys-43ddbed0e36856bc/out/build/CMakeFiles/CMakeTmp'



Determining if the function lockf exists passed with the following output:
Change Dir: /home/alberto/Projects/07_GSaaS_Rust/03_TM_Decoder/target/debug/build/nng-sys-43ddbed0e36856bc/out/build/CMakeFiles/CMakeTmp

Run Build Command(s):/usr/bin/make cmTC_6efa5/fast && /usr/bin/make -f CMakeFiles/cmTC_6efa5.dir/build.make CMakeFiles/cmTC_6efa5.dir/build
make[1]: Entering directory '/home/alberto/Projects/07_GSaaS_Rust/03_TM_Decoder/target/debug/build/nng-sys-43ddbed0e36856bc/out/build/CMakeFiles/CMakeTmp'
Building C object CMakeFiles/cmTC_6efa5.dir/CheckFunctionExists.c.o
/usr/bin/cc   -ffunction-sections -fdata-sections -fPIC -m64 -Wall -Wextra -fno-omit-frame-pointer   -DCHECK_FUNCTION_EXISTS=lockf   -o CMakeFiles/cmTC_6efa5.dir/CheckFunctionExists.c.o   -c /usr/share/cmake-3.16/Modules/CheckFunctionExists.c
Linking C executable cmTC_6efa5
/usr/bin/cmake -E cmake_link_script CMakeFiles/cmTC_6efa5.dir/link.txt --verbose=1
/usr/bin/cc  -ffunction-sections -fdata-sections -fPIC -m64 -Wall -Wextra -fno-omit-frame-pointer   -DCHECK_FUNCTION_EXISTS=lockf    -rdynamic CMakeFiles/cmTC_6efa5.dir/CheckFunctionExists.c.o  -o cmTC_6efa5 
make[1]: Leaving directory '/home/alberto/Projects/07_GSaaS_Rust/03_TM_Decoder/target/debug/build/nng-sys-43ddbed0e36856bc/out/build/CMakeFiles/CMakeTmp'



Determining if the function flock exists passed with the following output:
Change Dir: /home/alberto/Projects/07_GSaaS_Rust/03_TM_Decoder/target/debug/build/nng-sys-43ddbed0e36856bc/out/build/CMakeFiles/CMakeTmp

Run Build Command(s):/usr/bin/make cmTC_bc2cd/fast && /usr/bin/make -f CMakeFiles/cmTC_bc2cd.dir/build.make CMakeFiles/cmTC_bc2cd.dir/build
make[1]: Entering directory '/home/alberto/Projects/07_GSaaS_Rust/03_TM_Decoder/target/debug/build/nng-sys-43ddbed0e36856bc/out/build/CMakeFiles/CMakeTmp'
Building C object CMakeFiles/cmTC_bc2cd.dir/CheckFunctionExists.c.o
/usr/bin/cc   -ffunction-sections -fdata-sections -fPIC -m64 -Wall -Wextra -fno-omit-frame-pointer   -DCHECK_FUNCTION_EXISTS=flock   -o CMakeFiles/cmTC_bc2cd.dir/CheckFunctionExists.c.o   -c /usr/share/cmake-3.16/Modules/CheckFunctionExists.c
Linking C executable cmTC_bc2cd
/usr/bin/cmake -E cmake_link_script CMakeFiles/cmTC_bc2cd.dir/link.txt --verbose=1
/usr/bin/cc  -ffunction-sections -fdata-sections -fPIC -m64 -Wall -Wextra -fno-omit-frame-pointer   -DCHECK_FUNCTION_EXISTS=flock    -rdynamic CMakeFiles/cmTC_bc2cd.dir/CheckFunctionExists.c.o  -o cmTC_bc2cd 
make[1]: Leaving directory '/home/alberto/Projects/07_GSaaS_Rust/03_TM_Decoder/target/debug/build/nng-sys-43ddbed0e36856bc/out/build/CMakeFiles/CMakeTmp'



Determining if the function getentropy exists passed with the following output:
Change Dir: /home/alberto/Projects/07_GSaaS_Rust/03_TM_Decoder/target/debug/build/nng-sys-43ddbed0e36856bc/out/build/CMakeFiles/CMakeTmp

Run Build Command(s):/usr/bin/make cmTC_8558c/fast && /usr/bin/make -f CMakeFiles/cmTC_8558c.dir/build.make CMakeFiles/cmTC_8558c.dir/build
make[1]: Entering directory '/home/alberto/Projects/07_GSaaS_Rust/03_TM_Decoder/target/debug/build/nng-sys-43ddbed0e36856bc/out/build/CMakeFiles/CMakeTmp'
Building C object CMakeFiles/cmTC_8558c.dir/CheckFunctionExists.c.o
/usr/bin/cc   -ffunction-sections -fdata-sections -fPIC -m64 -Wall -Wextra -fno-omit-frame-pointer   -DCHECK_FUNCTION_EXISTS=getentropy   -o CMakeFiles/cmTC_8558c.dir/CheckFunctionExists.c.o   -c /usr/share/cmake-3.16/Modules/CheckFunctionExists.c
Linking C executable cmTC_8558c
/usr/bin/cmake -E cmake_link_script CMakeFiles/cmTC_8558c.dir/link.txt --verbose=1
/usr/bin/cc  -ffunction-sections -fdata-sections -fPIC -m64 -Wall -Wextra -fno-omit-frame-pointer   -DCHECK_FUNCTION_EXISTS=getentropy    -rdynamic CMakeFiles/cmTC_8558c.dir/CheckFunctionExists.c.o  -o cmTC_8558c 
make[1]: Leaving directory '/home/alberto/Projects/07_GSaaS_Rust/03_TM_Decoder/target/debug/build/nng-sys-43ddbed0e36856bc/out/build/CMakeFiles/CMakeTmp'



Determining if the function getrandom exists passed with the following output:
Change Dir: /home/alberto/Projects/07_GSaaS_Rust/03_TM_Decoder/target/debug/build/nng-sys-43ddbed0e36856bc/out/build/CMakeFiles/CMakeTmp

Run Build Command(s):/usr/bin/make cmTC_4a142/fast && /usr/bin/make -f CMakeFiles/cmTC_4a142.dir/build.make CMakeFiles/cmTC_4a142.dir/build
make[1]: Entering directory '/home/alberto/Projects/07_GSaaS_Rust/03_TM_Decoder/target/debug/build/nng-sys-43ddbed0e36856bc/out/build/CMakeFiles/CMakeTmp'
Building C object CMakeFiles/cmTC_4a142.dir/CheckFunctionExists.c.o
/usr/bin/cc   -ffunction-sections -fdata-sections -fPIC -m64 -Wall -Wextra -fno-omit-frame-pointer   -DCHECK_FUNCTION_EXISTS=getrandom   -o CMakeFiles/cmTC_4a142.dir/CheckFunctionExists.c.o   -c /usr/share/cmake-3.16/Modules/CheckFunctionExists.c
Linking C executable cmTC_4a142
/usr/bin/cmake -E cmake_link_script CMakeFiles/cmTC_4a142.dir/link.txt --verbose=1
/usr/bin/cc  -ffunction-sections -fdata-sections -fPIC -m64 -Wall -Wextra -fno-omit-frame-pointer   -DCHECK_FUNCTION_EXISTS=getrandom    -rdynamic CMakeFiles/cmTC_4a142.dir/CheckFunctionExists.c.o  -o cmTC_4a142 
make[1]: Leaving directory '/home/alberto/Projects/07_GSaaS_Rust/03_TM_Decoder/target/debug/build/nng-sys-43ddbed0e36856bc/out/build/CMakeFiles/CMakeTmp'



Determining if the function clock_gettime exists in the rt passed with the following output:
Change Dir: /home/alberto/Projects/07_GSaaS_Rust/03_TM_Decoder/target/debug/build/nng-sys-43ddbed0e36856bc/out/build/CMakeFiles/CMakeTmp

Run Build Command(s):/usr/bin/make cmTC_bb135/fast && /usr/bin/make -f CMakeFiles/cmTC_bb135.dir/build.make CMakeFiles/cmTC_bb135.dir/build
make[1]: Entering directory '/home/alberto/Projects/07_GSaaS_Rust/03_TM_Decoder/target/debug/build/nng-sys-43ddbed0e36856bc/out/build/CMakeFiles/CMakeTmp'
Building C object CMakeFiles/cmTC_bb135.dir/CheckFunctionExists.c.o
/usr/bin/cc   -ffunction-sections -fdata-sections -fPIC -m64 -Wall -Wextra -fno-omit-frame-pointer   -DCHECK_FUNCTION_EXISTS=clock_gettime   -o CMakeFiles/cmTC_bb135.dir/CheckFunctionExists.c.o   -c /usr/share/cmake-3.16/Modules/CheckFunctionExists.c
Linking C executable cmTC_bb135
/usr/bin/cmake -E cmake_link_script CMakeFiles/cmTC_bb135.dir/link.txt --verbose=1
/usr/bin/cc  -ffunction-sections -fdata-sections -fPIC -m64 -Wall -Wextra -fno-omit-frame-pointer   -DCHECK_FUNCTION_EXISTS=clock_gettime    -rdynamic CMakeFiles/cmTC_bb135.dir/CheckFunctionExists.c.o  -o cmTC_bb135  -lrt 
make[1]: Leaving directory '/home/alberto/Projects/07_GSaaS_Rust/03_TM_Decoder/target/debug/build/nng-sys-43ddbed0e36856bc/out/build/CMakeFiles/CMakeTmp'



Determining if the function sem_wait exists in the pthread passed with the following output:
Change Dir: /home/alberto/Projects/07_GSaaS_Rust/03_TM_Decoder/target/debug/build/nng-sys-43ddbed0e36856bc/out/build/CMakeFiles/CMakeTmp

Run Build Command(s):/usr/bin/make cmTC_650a9/fast && /usr/bin/make -f CMakeFiles/cmTC_650a9.dir/build.make CMakeFiles/cmTC_650a9.dir/build
make[1]: Entering directory '/home/alberto/Projects/07_GSaaS_Rust/03_TM_Decoder/target/debug/build/nng-sys-43ddbed0e36856bc/out/build/CMakeFiles/CMakeTmp'
Building C object CMakeFiles/cmTC_650a9.dir/CheckFunctionExists.c.o
/usr/bin/cc   -ffunction-sections -fdata-sections -fPIC -m64 -Wall -Wextra -fno-omit-frame-pointer   -DCHECK_FUNCTION_EXISTS=sem_wait   -o CMakeFiles/cmTC_650a9.dir/CheckFunctionExists.c.o   -c /usr/share/cmake-3.16/Modules/CheckFunctionExists.c
Linking C executable cmTC_650a9
/usr/bin/cmake -E cmake_link_script CMakeFiles/cmTC_650a9.dir/link.txt --verbose=1
/usr/bin/cc  -ffunction-sections -fdata-sections -fPIC -m64 -Wall -Wextra -fno-omit-frame-pointer   -DCHECK_FUNCTION_EXISTS=sem_wait    -rdynamic CMakeFiles/cmTC_650a9.dir/CheckFunctionExists.c.o  -o cmTC_650a9  -lpthread 
make[1]: Leaving directory '/home/alberto/Projects/07_GSaaS_Rust/03_TM_Decoder/target/debug/build/nng-sys-43ddbed0e36856bc/out/build/CMakeFiles/CMakeTmp'



Determining if the function pthread_atfork exists in the pthread passed with the following output:
Change Dir: /home/alberto/Projects/07_GSaaS_Rust/03_TM_Decoder/target/debug/build/nng-sys-43ddbed0e36856bc/out/build/CMakeFiles/CMakeTmp

Run Build Command(s):/usr/bin/make cmTC_e3741/fast && /usr/bin/make -f CMakeFiles/cmTC_e3741.dir/build.make CMakeFiles/cmTC_e3741.dir/build
make[1]: Entering directory '/home/alberto/Projects/07_GSaaS_Rust/03_TM_Decoder/target/debug/build/nng-sys-43ddbed0e36856bc/out/build/CMakeFiles/CMakeTmp'
Building C object CMakeFiles/cmTC_e3741.dir/CheckFunctionExists.c.o
/usr/bin/cc   -ffunction-sections -fdata-sections -fPIC -m64 -Wall -Wextra -fno-omit-frame-pointer   -DCHECK_FUNCTION_EXISTS=pthread_atfork   -o CMakeFiles/cmTC_e3741.dir/CheckFunctionExists.c.o   -c /usr/share/cmake-3.16/Modules/CheckFunctionExists.c
Linking C executable cmTC_e3741
/usr/bin/cmake -E cmake_link_script CMakeFiles/cmTC_e3741.dir/link.txt --verbose=1
/usr/bin/cc  -ffunction-sections -fdata-sections -fPIC -m64 -Wall -Wextra -fno-omit-frame-pointer   -DCHECK_FUNCTION_EXISTS=pthread_atfork    -rdynamic CMakeFiles/cmTC_e3741.dir/CheckFunctionExists.c.o  -o cmTC_e3741  -lpthread 
make[1]: Leaving directory '/home/alberto/Projects/07_GSaaS_Rust/03_TM_Decoder/target/debug/build/nng-sys-43ddbed0e36856bc/out/build/CMakeFiles/CMakeTmp'



Determining if the function gethostbyname exists in the nsl passed with the following output:
Change Dir: /home/alberto/Projects/07_GSaaS_Rust/03_TM_Decoder/target/debug/build/nng-sys-43ddbed0e36856bc/out/build/CMakeFiles/CMakeTmp

Run Build Command(s):/usr/bin/make cmTC_542c5/fast && /usr/bin/make -f CMakeFiles/cmTC_542c5.dir/build.make CMakeFiles/cmTC_542c5.dir/build
make[1]: Entering directory '/home/alberto/Projects/07_GSaaS_Rust/03_TM_Decoder/target/debug/build/nng-sys-43ddbed0e36856bc/out/build/CMakeFiles/CMakeTmp'
Building C object CMakeFiles/cmTC_542c5.dir/CheckFunctionExists.c.o
/usr/bin/cc   -ffunction-sections -fdata-sections -fPIC -m64 -Wall -Wextra -fno-omit-frame-pointer   -DCHECK_FUNCTION_EXISTS=gethostbyname   -o CMakeFiles/cmTC_542c5.dir/CheckFunctionExists.c.o   -c /usr/share/cmake-3.16/Modules/CheckFunctionExists.c
Linking C executable cmTC_542c5
/usr/bin/cmake -E cmake_link_script CMakeFiles/cmTC_542c5.dir/link.txt --verbose=1
/usr/bin/cc  -ffunction-sections -fdata-sections -fPIC -m64 -Wall -Wextra -fno-omit-frame-pointer   -DCHECK_FUNCTION_EXISTS=gethostbyname    -rdynamic CMakeFiles/cmTC_542c5.dir/CheckFunctionExists.c.o  -o cmTC_542c5  -lnsl 
make[1]: Leaving directory '/home/alberto/Projects/07_GSaaS_Rust/03_TM_Decoder/target/debug/build/nng-sys-43ddbed0e36856bc/out/build/CMakeFiles/CMakeTmp'



Determining if the AF_UNIX exist passed with the following output:
Change Dir: /home/alberto/Projects/07_GSaaS_Rust/03_TM_Decoder/target/debug/build/nng-sys-43ddbed0e36856bc/out/build/CMakeFiles/CMakeTmp

Run Build Command(s):/usr/bin/make cmTC_f90f5/fast && /usr/bin/make -f CMakeFiles/cmTC_f90f5.dir/build.make CMakeFiles/cmTC_f90f5.dir/build
make[1]: Entering directory '/home/alberto/Projects/07_GSaaS_Rust/03_TM_Decoder/target/debug/build/nng-sys-43ddbed0e36856bc/out/build/CMakeFiles/CMakeTmp'
Building C object CMakeFiles/cmTC_f90f5.dir/CheckSymbolExists.c.o
/usr/bin/cc   -ffunction-sections -fdata-sections -fPIC -m64 -Wall -Wextra -fno-omit-frame-pointer      -o CMakeFiles/cmTC_f90f5.dir/CheckSymbolExists.c.o   -c /home/alberto/Projects/07_GSaaS_Rust/03_TM_Decoder/target/debug/build/nng-sys-43ddbed0e36856bc/out/build/CMakeFiles/CMakeTmp/CheckSymbolExists.c
Linking C executable cmTC_f90f5
/usr/bin/cmake -E cmake_link_script CMakeFiles/cmTC_f90f5.dir/link.txt --verbose=1
/usr/bin/cc  -ffunction-sections -fdata-sections -fPIC -m64 -Wall -Wextra -fno-omit-frame-pointer       -rdynamic CMakeFiles/cmTC_f90f5.dir/CheckSymbolExists.c.o  -o cmTC_f90f5 
make[1]: Leaving directory '/home/alberto/Projects/07_GSaaS_Rust/03_TM_Decoder/target/debug/build/nng-sys-43ddbed0e36856bc/out/build/CMakeFiles/CMakeTmp'


File /home/alberto/Projects/07_GSaaS_Rust/03_TM_Decoder/target/debug/build/nng-sys-43ddbed0e36856bc/out/build/CMakeFiles/CMakeTmp/CheckSymbolExists.c:
/* */
#include <sys/socket.h>

int main(int argc, char** argv)
{
  (void)argv;
#ifndef AF_UNIX
  return ((int*)(&AF_UNIX))[argc];
#else
  (void)argc;
  return 0;
#endif
}
Determining if the backtrace_symbols_fd exist passed with the following output:
Change Dir: /home/alberto/Projects/07_GSaaS_Rust/03_TM_Decoder/target/debug/build/nng-sys-43ddbed0e36856bc/out/build/CMakeFiles/CMakeTmp

Run Build Command(s):/usr/bin/make cmTC_33275/fast && /usr/bin/make -f CMakeFiles/cmTC_33275.dir/build.make CMakeFiles/cmTC_33275.dir/build
make[1]: Entering directory '/home/alberto/Projects/07_GSaaS_Rust/03_TM_Decoder/target/debug/build/nng-sys-43ddbed0e36856bc/out/build/CMakeFiles/CMakeTmp'
Building C object CMakeFiles/cmTC_33275.dir/CheckSymbolExists.c.o
/usr/bin/cc   -ffunction-sections -fdata-sections -fPIC -m64 -Wall -Wextra -fno-omit-frame-pointer      -o CMakeFiles/cmTC_33275.dir/CheckSymbolExists.c.o   -c /home/alberto/Projects/07_GSaaS_Rust/03_TM_Decoder/target/debug/build/nng-sys-43ddbed0e36856bc/out/build/CMakeFiles/CMakeTmp/CheckSymbolExists.c
Linking C executable cmTC_33275
/usr/bin/cmake -E cmake_link_script CMakeFiles/cmTC_33275.dir/link.txt --verbose=1
/usr/bin/cc  -ffunction-sections -fdata-sections -fPIC -m64 -Wall -Wextra -fno-omit-frame-pointer       -rdynamic CMakeFiles/cmTC_33275.dir/CheckSymbolExists.c.o  -o cmTC_33275 
make[1]: Leaving directory '/home/alberto/Projects/07_GSaaS_Rust/03_TM_Decoder/target/debug/build/nng-sys-43ddbed0e36856bc/out/build/CMakeFiles/CMakeTmp'


File /home/alberto/Projects/07_GSaaS_Rust/03_TM_Decoder/target/debug/build/nng-sys-43ddbed0e36856bc/out/build/CMakeFiles/CMakeTmp/CheckSymbolExists.c:
/* */
#include <execinfo.h>

int main(int argc, char** argv)
{
  (void)argv;
#ifndef backtrace_symbols_fd
  return ((int*)(&backtrace_symbols_fd))[argc];
#else
  (void)argc;
  return 0;
#endif
}
Performing C SOURCE FILE Test NNG_HAVE_MSG_CONTROL succeeded with the following output:
Change Dir: /home/alberto/Projects/07_GSaaS_Rust/03_TM_Decoder/target/debug/build/nng-sys-43ddbed0e36856bc/out/build/CMakeFiles/CMakeTmp

Run Build Command(s):/usr/bin/make cmTC_8cf95/fast && /usr/bin/make -f CMakeFiles/cmTC_8cf95.dir/build.make CMakeFiles/cmTC_8cf95.dir/build
make[1]: Entering directory '/home/alberto/Projects/07_GSaaS_Rust/03_TM_Decoder/target/debug/build/nng-sys-43ddbed0e36856bc/out/build/CMakeFiles/CMakeTmp'
Building C object CMakeFiles/cmTC_8cf95.dir/src.c.o
/usr/bin/cc   -ffunction-sections -fdata-sections -fPIC -m64 -Wall -Wextra -fno-omit-frame-pointer   -DNNG_HAVE_MSG_CONTROL   -o CMakeFiles/cmTC_8cf95.dir/src.c.o   -c /home/alberto/Projects/07_GSaaS_Rust/03_TM_Decoder/target/debug/build/nng-sys-43ddbed0e36856bc/out/build/CMakeFiles/CMakeTmp/src.c
Linking C executable cmTC_8cf95
/usr/bin/cmake -E cmake_link_script CMakeFiles/cmTC_8cf95.dir/link.txt --verbose=1
/usr/bin/cc  -ffunction-sections -fdata-sections -fPIC -m64 -Wall -Wextra -fno-omit-frame-pointer   -DNNG_HAVE_MSG_CONTROL    -rdynamic CMakeFiles/cmTC_8cf95.dir/src.c.o  -o cmTC_8cf95 
make[1]: Leaving directory '/home/alberto/Projects/07_GSaaS_Rust/03_TM_Decoder/target/debug/build/nng-sys-43ddbed0e36856bc/out/build/CMakeFiles/CMakeTmp'


Source file was:

#include <sys/socket.h>

int main()
{
  (void)sizeof(((struct msghdr *)0)->msg_control);
  return 0;
}

Determining if the eventfd exist passed with the following output:
Change Dir: /home/alberto/Projects/07_GSaaS_Rust/03_TM_Decoder/target/debug/build/nng-sys-43ddbed0e36856bc/out/build/CMakeFiles/CMakeTmp

Run Build Command(s):/usr/bin/make cmTC_0347f/fast && /usr/bin/make -f CMakeFiles/cmTC_0347f.dir/build.make CMakeFiles/cmTC_0347f.dir/build
make[1]: Entering directory '/home/alberto/Projects/07_GSaaS_Rust/03_TM_Decoder/target/debug/build/nng-sys-43ddbed0e36856bc/out/build/CMakeFiles/CMakeTmp'
Building C object CMakeFiles/cmTC_0347f.dir/CheckSymbolExists.c.o
/usr/bin/cc   -ffunction-sections -fdata-sections -fPIC -m64 -Wall -Wextra -fno-omit-frame-pointer      -o CMakeFiles/cmTC_0347f.dir/CheckSymbolExists.c.o   -c /home/alberto/Projects/07_GSaaS_Rust/03_TM_Decoder/target/debug/build/nng-sys-43ddbed0e36856bc/out/build/CMakeFiles/CMakeTmp/CheckSymbolExists.c
Linking C executable cmTC_0347f
/usr/bin/cmake -E cmake_link_script CMakeFiles/cmTC_0347f.dir/link.txt --verbose=1
/usr/bin/cc  -ffunction-sections -fdata-sections -fPIC -m64 -Wall -Wextra -fno-omit-frame-pointer       -rdynamic CMakeFiles/cmTC_0347f.dir/CheckSymbolExists.c.o  -o cmTC_0347f 
make[1]: Leaving directory '/home/alberto/Projects/07_GSaaS_Rust/03_TM_Decoder/target/debug/build/nng-sys-43ddbed0e36856bc/out/build/CMakeFiles/CMakeTmp'


File /home/alberto/Projects/07_GSaaS_Rust/03_TM_Decoder/target/debug/build/nng-sys-43ddbed0e36856bc/out/build/CMakeFiles/CMakeTmp/CheckSymbolExists.c:
/* */
#include <sys/eventfd.h>

int main(int argc, char** argv)
{
  (void)argv;
#ifndef eventfd
  return ((int*)(&eventfd))[argc];
#else
  (void)argc;
  return 0;
#endif
}
Determining if the epoll_create exist passed with the following output:
Change Dir: /home/alberto/Projects/07_GSaaS_Rust/03_TM_Decoder/target/debug/build/nng-sys-43ddbed0e36856bc/out/build/CMakeFiles/CMakeTmp

Run Build Command(s):/usr/bin/make cmTC_9723a/fast && /usr/bin/make -f CMakeFiles/cmTC_9723a.dir/build.make CMakeFiles/cmTC_9723a.dir/build
make[1]: Entering directory '/home/alberto/Projects/07_GSaaS_Rust/03_TM_Decoder/target/debug/build/nng-sys-43ddbed0e36856bc/out/build/CMakeFiles/CMakeTmp'
Building C object CMakeFiles/cmTC_9723a.dir/CheckSymbolExists.c.o
/usr/bin/cc   -ffunction-sections -fdata-sections -fPIC -m64 -Wall -Wextra -fno-omit-frame-pointer      -o CMakeFiles/cmTC_9723a.dir/CheckSymbolExists.c.o   -c /home/alberto/Projects/07_GSaaS_Rust/03_TM_Decoder/target/debug/build/nng-sys-43ddbed0e36856bc/out/build/CMakeFiles/CMakeTmp/CheckSymbolExists.c
Linking C executable cmTC_9723a
/usr/bin/cmake -E cmake_link_script CMakeFiles/cmTC_9723a.dir/link.txt --verbose=1
/usr/bin/cc  -ffunction-sections -fdata-sections -fPIC -m64 -Wall -Wextra -fno-omit-frame-pointer       -rdynamic CMakeFiles/cmTC_9723a.dir/CheckSymbolExists.c.o  -o cmTC_9723a 
make[1]: Leaving directory '/home/alberto/Projects/07_GSaaS_Rust/03_TM_Decoder/target/debug/build/nng-sys-43ddbed0e36856bc/out/build/CMakeFiles/CMakeTmp'


File /home/alberto/Projects/07_GSaaS_Rust/03_TM_Decoder/target/debug/build/nng-sys-43ddbed0e36856bc/out/build/CMakeFiles/CMakeTmp/CheckSymbolExists.c:
/* */
#include <sys/epoll.h>

int main(int argc, char** argv)
{
  (void)argv;
#ifndef epoll_create
  return ((int*)(&epoll_create))[argc];
#else
  (void)argc;
  return 0;
#endif
}
Determining if the epoll_create1 exist passed with the following output:
Change Dir: /home/alberto/Projects/07_GSaaS_Rust/03_TM_Decoder/target/debug/build/nng-sys-43ddbed0e36856bc/out/build/CMakeFiles/CMakeTmp

Run Build Command(s):/usr/bin/make cmTC_f9195/fast && /usr/bin/make -f CMakeFiles/cmTC_f9195.dir/build.make CMakeFiles/cmTC_f9195.dir/build
make[1]: Entering directory '/home/alberto/Projects/07_GSaaS_Rust/03_TM_Decoder/target/debug/build/nng-sys-43ddbed0e36856bc/out/build/CMakeFiles/CMakeTmp'
Building C object CMakeFiles/cmTC_f9195.dir/CheckSymbolExists.c.o
/usr/bin/cc   -ffunction-sections -fdata-sections -fPIC -m64 -Wall -Wextra -fno-omit-frame-pointer      -o CMakeFiles/cmTC_f9195.dir/CheckSymbolExists.c.o   -c /home/alberto/Projects/07_GSaaS_Rust/03_TM_Decoder/target/debug/build/nng-sys-43ddbed0e36856bc/out/build/CMakeFiles/CMakeTmp/CheckSymbolExists.c
Linking C executable cmTC_f9195
/usr/bin/cmake -E cmake_link_script CMakeFiles/cmTC_f9195.dir/link.txt --verbose=1
/usr/bin/cc  -ffunction-sections -fdata-sections -fPIC -m64 -Wall -Wextra -fno-omit-frame-pointer       -rdynamic CMakeFiles/cmTC_f9195.dir/CheckSymbolExists.c.o  -o cmTC_f9195 
make[1]: Leaving directory '/home/alberto/Projects/07_GSaaS_Rust/03_TM_Decoder/target/debug/build/nng-sys-43ddbed0e36856bc/out/build/CMakeFiles/CMakeTmp'


File /home/alberto/Projects/07_GSaaS_Rust/03_TM_Decoder/target/debug/build/nng-sys-43ddbed0e36856bc/out/build/CMakeFiles/CMakeTmp/CheckSymbolExists.c:
/* */
#include <sys/epoll.h>

int main(int argc, char** argv)
{
  (void)argv;
#ifndef epoll_create1
  return ((int*)(&epoll_create1))[argc];
#else
  (void)argc;
  return 0;
#endif
}
Determining if the SO_PEERCRED exist passed with the following output:
Change Dir: /home/alberto/Projects/07_GSaaS_Rust/03_TM_Decoder/target/debug/build/nng-sys-43ddbed0e36856bc/out/build/CMakeFiles/CMakeTmp

Run Build Command(s):/usr/bin/make cmTC_bace2/fast && /usr/bin/make -f CMakeFiles/cmTC_bace2.dir/build.make CMakeFiles/cmTC_bace2.dir/build
make[1]: Entering directory '/home/alberto/Projects/07_GSaaS_Rust/03_TM_Decoder/target/debug/build/nng-sys-43ddbed0e36856bc/out/build/CMakeFiles/CMakeTmp'
Building C object CMakeFiles/cmTC_bace2.dir/CheckSymbolExists.c.o
/usr/bin/cc   -ffunction-sections -fdata-sections -fPIC -m64 -Wall -Wextra -fno-omit-frame-pointer      -o CMakeFiles/cmTC_bace2.dir/CheckSymbolExists.c.o   -c /home/alberto/Projects/07_GSaaS_Rust/03_TM_Decoder/target/debug/build/nng-sys-43ddbed0e36856bc/out/build/CMakeFiles/CMakeTmp/CheckSymbolExists.c
Linking C executable cmTC_bace2
/usr/bin/cmake -E cmake_link_script CMakeFiles/cmTC_bace2.dir/link.txt --verbose=1
/usr/bin/cc  -ffunction-sections -fdata-sections -fPIC -m64 -Wall -Wextra -fno-omit-frame-pointer       -rdynamic CMakeFiles/cmTC_bace2.dir/CheckSymbolExists.c.o  -o cmTC_bace2 
make[1]: Leaving directory '/home/alberto/Projects/07_GSaaS_Rust/03_TM_Decoder/target/debug/build/nng-sys-43ddbed0e36856bc/out/build/CMakeFiles/CMakeTmp'


File /home/alberto/Projects/07_GSaaS_Rust/03_TM_Decoder/target/debug/build/nng-sys-43ddbed0e36856bc/out/build/CMakeFiles/CMakeTmp/CheckSymbolExists.c:
/* */
#include <sys/socket.h>

int main(int argc, char** argv)
{
  (void)argv;
#ifndef SO_PEERCRED
  return ((int*)(&SO_PEERCRED))[argc];
#else
  (void)argc;
  return 0;
#endif
}
Determining if the atomic_flag_test_and_set exist passed with the following output:
Change Dir: /home/alberto/Projects/07_GSaaS_Rust/03_TM_Decoder/target/debug/build/nng-sys-43ddbed0e36856bc/out/build/CMakeFiles/CMakeTmp

Run Build Command(s):/usr/bin/make cmTC_31c6a/fast && /usr/bin/make -f CMakeFiles/cmTC_31c6a.dir/build.make CMakeFiles/cmTC_31c6a.dir/build
make[1]: Entering directory '/home/alberto/Projects/07_GSaaS_Rust/03_TM_Decoder/target/debug/build/nng-sys-43ddbed0e36856bc/out/build/CMakeFiles/CMakeTmp'
Building C object CMakeFiles/cmTC_31c6a.dir/CheckSymbolExists.c.o
/usr/bin/cc   -ffunction-sections -fdata-sections -fPIC -m64 -Wall -Wextra -fno-omit-frame-pointer      -o CMakeFiles/cmTC_31c6a.dir/CheckSymbolExists.c.o   -c /home/alberto/Projects/07_GSaaS_Rust/03_TM_Decoder/target/debug/build/nng-sys-43ddbed0e36856bc/out/build/CMakeFiles/CMakeTmp/CheckSymbolExists.c
Linking C executable cmTC_31c6a
/usr/bin/cmake -E cmake_link_script CMakeFiles/cmTC_31c6a.dir/link.txt --verbose=1
/usr/bin/cc  -ffunction-sections -fdata-sections -fPIC -m64 -Wall -Wextra -fno-omit-frame-pointer       -rdynamic CMakeFiles/cmTC_31c6a.dir/CheckSymbolExists.c.o  -o cmTC_31c6a 
make[1]: Leaving directory '/home/alberto/Projects/07_GSaaS_Rust/03_TM_Decoder/target/debug/build/nng-sys-43ddbed0e36856bc/out/build/CMakeFiles/CMakeTmp'


File /home/alberto/Projects/07_GSaaS_Rust/03_TM_Decoder/target/debug/build/nng-sys-43ddbed0e36856bc/out/build/CMakeFiles/CMakeTmp/CheckSymbolExists.c:
/* */
#include <stdatomic.h>

int main(int argc, char** argv)
{
  (void)argv;
#ifndef atomic_flag_test_and_set
  return ((int*)(&atomic_flag_test_and_set))[argc];
#else
  (void)argc;
  return 0;
#endif
}
Determining if the strnlen exist passed with the following output:
Change Dir: /home/alberto/Projects/07_GSaaS_Rust/03_TM_Decoder/target/debug/build/nng-sys-43ddbed0e36856bc/out/build/CMakeFiles/CMakeTmp

Run Build Command(s):/usr/bin/make cmTC_05937/fast && /usr/bin/make -f CMakeFiles/cmTC_05937.dir/build.make CMakeFiles/cmTC_05937.dir/build
make[1]: Entering directory '/home/alberto/Projects/07_GSaaS_Rust/03_TM_Decoder/target/debug/build/nng-sys-43ddbed0e36856bc/out/build/CMakeFiles/CMakeTmp'
Building C object CMakeFiles/cmTC_05937.dir/CheckSymbolExists.c.o
/usr/bin/cc   -ffunction-sections -fdata-sections -fPIC -m64 -Wall -Wextra -fno-omit-frame-pointer      -o CMakeFiles/cmTC_05937.dir/CheckSymbolExists.c.o   -c /home/alberto/Projects/07_GSaaS_Rust/03_TM_Decoder/target/debug/build/nng-sys-43ddbed0e36856bc/out/build/CMakeFiles/CMakeTmp/CheckSymbolExists.c
Linking C executable cmTC_05937
/usr/bin/cmake -E cmake_link_script CMakeFiles/cmTC_05937.dir/link.txt --verbose=1
/usr/bin/cc  -ffunction-sections -fdata-sections -fPIC -m64 -Wall -Wextra -fno-omit-frame-pointer       -rdynamic CMakeFiles/cmTC_05937.dir/CheckSymbolExists.c.o  -o cmTC_05937 
make[1]: Leaving directory '/home/alberto/Projects/07_GSaaS_Rust/03_TM_Decoder/target/debug/build/nng-sys-43ddbed0e36856bc/out/build/CMakeFiles/CMakeTmp'


File /home/alberto/Projects/07_GSaaS_Rust/03_TM_Decoder/target/debug/build/nng-sys-43ddbed0e36856bc/out/build/CMakeFiles/CMakeTmp/CheckSymbolExists.c:
/* */
#include <string.h>

int main(int argc, char** argv)
{
  (void)argv;
#ifndef strnlen
  return ((int*)(&strnlen))[argc];
#else
  (void)argc;
  return 0;
#endif
}
Determining if the strcasecmp exist passed with the following output:
Change Dir: /home/alberto/Projects/07_GSaaS_Rust/03_TM_Decoder/target/debug/build/nng-sys-43ddbed0e36856bc/out/build/CMakeFiles/CMakeTmp

Run Build Command(s):/usr/bin/make cmTC_b941a/fast && /usr/bin/make -f CMakeFiles/cmTC_b941a.dir/build.make CMakeFiles/cmTC_b941a.dir/build
make[1]: Entering directory '/home/alberto/Projects/07_GSaaS_Rust/03_TM_Decoder/target/debug/build/nng-sys-43ddbed0e36856bc/out/build/CMakeFiles/CMakeTmp'
Building C object CMakeFiles/cmTC_b941a.dir/CheckSymbolExists.c.o
/usr/bin/cc   -ffunction-sections -fdata-sections -fPIC -m64 -Wall -Wextra -fno-omit-frame-pointer      -o CMakeFiles/cmTC_b941a.dir/CheckSymbolExists.c.o   -c /home/alberto/Projects/07_GSaaS_Rust/03_TM_Decoder/target/debug/build/nng-sys-43ddbed0e36856bc/out/build/CMakeFiles/CMakeTmp/CheckSymbolExists.c
Linking C executable cmTC_b941a
/usr/bin/cmake -E cmake_link_script CMakeFiles/cmTC_b941a.dir/link.txt --verbose=1
/usr/bin/cc  -ffunction-sections -fdata-sections -fPIC -m64 -Wall -Wextra -fno-omit-frame-pointer       -rdynamic CMakeFiles/cmTC_b941a.dir/CheckSymbolExists.c.o  -o cmTC_b941a 
make[1]: Leaving directory '/home/alberto/Projects/07_GSaaS_Rust/03_TM_Decoder/target/debug/build/nng-sys-43ddbed0e36856bc/out/build/CMakeFiles/CMakeTmp'


File /home/alberto/Projects/07_GSaaS_Rust/03_TM_Decoder/target/debug/build/nng-sys-43ddbed0e36856bc/out/build/CMakeFiles/CMakeTmp/CheckSymbolExists.c:
/* */
#include <string.h>

int main(int argc, char** argv)
{
  (void)argv;
#ifndef strcasecmp
  return ((int*)(&strcasecmp))[argc];
#else
  (void)argc;
  return 0;
#endif
}
Determining if the strncasecmp exist passed with the following output:
Change Dir: /home/alberto/Projects/07_GSaaS_Rust/03_TM_Decoder/target/debug/build/nng-sys-43ddbed0e36856bc/out/build/CMakeFiles/CMakeTmp

Run Build Command(s):/usr/bin/make cmTC_d67b0/fast && /usr/bin/make -f CMakeFiles/cmTC_d67b0.dir/build.make CMakeFiles/cmTC_d67b0.dir/build
make[1]: Entering directory '/home/alberto/Projects/07_GSaaS_Rust/03_TM_Decoder/target/debug/build/nng-sys-43ddbed0e36856bc/out/build/CMakeFiles/CMakeTmp'
Building C object CMakeFiles/cmTC_d67b0.dir/CheckSymbolExists.c.o
/usr/bin/cc   -ffunction-sections -fdata-sections -fPIC -m64 -Wall -Wextra -fno-omit-frame-pointer      -o CMakeFiles/cmTC_d67b0.dir/CheckSymbolExists.c.o   -c /home/alberto/Projects/07_GSaaS_Rust/03_TM_Decoder/target/debug/build/nng-sys-43ddbed0e36856bc/out/build/CMakeFiles/CMakeTmp/CheckSymbolExists.c
Linking C executable cmTC_d67b0
/usr/bin/cmake -E cmake_link_script CMakeFiles/cmTC_d67b0.dir/link.txt --verbose=1
/usr/bin/cc  -ffunction-sections -fdata-sections -fPIC -m64 -Wall -Wextra -fno-omit-frame-pointer       -rdynamic CMakeFiles/cmTC_d67b0.dir/CheckSymbolExists.c.o  -o cmTC_d67b0 
make[1]: Leaving directory '/home/alberto/Projects/07_GSaaS_Rust/03_TM_Decoder/target/debug/build/nng-sys-43ddbed0e36856bc/out/build/CMakeFiles/CMakeTmp'


File /home/alberto/Projects/07_GSaaS_Rust/03_TM_Decoder/target/debug/build/nng-sys-43ddbed0e36856bc/out/build/CMakeFiles/CMakeTmp/CheckSymbolExists.c:
/* */
#include <string.h>

int main(int argc, char** argv)
{
  (void)argv;
#ifndef strncasecmp
  return ((int*)(&strncasecmp))[argc];
#else
  (void)argc;
  return 0;
#endif
}
